<html>
<head>
<title>TestNG:  Default test</title>
<link href="../testng.css" rel="stylesheet" type="text/css" />
<link href="../my-testng.css" rel="stylesheet" type="text/css" />

<style type="text/css">
.log { display: none;} 
.stack-trace { display: none;} 
</style>
<script type="text/javascript">
<!--
function flip(e) {
  current = e.style.display;
  if (current == 'block') {
    e.style.display = 'none';
    return 0;
  }
  else {
    e.style.display = 'block';
    return 1;
  }
}

function toggleBox(szDivId, elem, msg1, msg2)
{
  var res = -1;  if (document.getElementById) {
    res = flip(document.getElementById(szDivId));
  }
  else if (document.all) {
    // this is the way old msie versions work
    res = flip(document.all[szDivId]);
  }
  if(elem) {
    if(res == 0) elem.innerHTML = msg1; else elem.innerHTML = msg2;
  }

}

function toggleAllBoxes() {
  if (document.getElementsByTagName) {
    d = document.getElementsByTagName('div');
    for (i = 0; i < d.length; i++) {
      if (d[i].className == 'log') {
        flip(d[i]);
      }
    }
  }
}

// -->
</script>

</head>
<body>
<h2 align='center'>Default test</h2><table border='1' align="center">
<tr>
<td>Tests passed/Failed/Skipped:</td><td>29/2/0</td>
</tr><tr>
<td>Started on:</td><td>Thu Aug 17 19:23:59 BDT 2023</td>
</tr>
<tr><td>Total time:</td><td>197 seconds (197377 ms)</td>
</tr><tr>
<td>Included groups:</td><td></td>
</tr><tr>
<td>Excluded groups:</td><td></td>
</tr>
</table><p/>
<small><i>(Hover the method name to see the test class name)</i></small><p/>
<table width='100%' border='1' class='invocation-failed'>
<tr><td colspan='4' align='center'><b>FAILED TESTS</b></td></tr>
<tr><td><b>Test method</b></td>
<td><b>Attribute(s)</b></td>
<td width="30%"><b>Exception</b></td>
<td width="10%"><b>Time (seconds)</b></td>
<td><b>Instance</b></td>
</tr>
<tr>
<td title='com.TutorialsNinja.qa.Testcases.Login.TestData1()'><b>TestData1</b><br>Test class: com.TutorialsNinja.qa.Testcases.Login<br>Parameters: Ishartjahanchamak@gmail.com, 12345</td>
<td><div><pre>org.openqa.selenium.NoSuchElementException: no such element: Unable to locate element: {&quot;method&quot;:&quot;link text&quot;,&quot;selector&quot;:&quot;Edit your account information&quot;}
  (Session info: chrome=115.0.5790.173)
For documentation on this error, please visit: https://www.selenium.dev/documentation/webdriver/troubleshooting/errors#no-such-element-exception
Build info: version: &apos;4.11.0&apos;, revision: &apos;040bc5406b&apos;
System info: os.name: &apos;Windows 10&apos;, os.arch: &apos;amd64&apos;, os.version: &apos;10.0&apos;, java.version: &apos;17.0.8&apos;
Driver info: org.openqa.selenium.chrome.ChromeDriver
Command: [19045d114f5e67132bb8e70ee75b3b11, findElement {using=link text, value=Edit your account information}]
Capabilities {acceptInsecureCerts: false, browserName: chrome, browserVersion: 115.0.5790.173, chrome: {chromedriverVersion: 115.0.5790.170 (cc0d30c2ca5..., userDataDir: C:\Users\shadi\AppData\Loca...}, goog:chromeOptions: {debuggerAddress: localhost:2789}, networkConnectionEnabled: false, pageLoadStrategy: normal, platformName: windows, proxy: Proxy(), se:cdp: ws://localhost:2789/devtool..., se:cdpVersion: 115.0.5790.173, setWindowRect: true, strictFileInteractability: false, timeouts: {implicit: 0, pageLoad: 300000, script: 30000}, unhandledPromptBehavior: dismiss and notify, webauthn:extension:credBlob: true, webauthn:extension:largeBlob: true, webauthn:extension:minPinLength: true, webauthn:extension:prf: true, webauthn:virtualAuthenticators: true}
Session ID: 19045d114f5e67132bb8e70ee75b3b11
	at java.base/jdk.internal.reflect.NativeConstructorAccessorImpl.newInstance0(Native Method)
	at java.base/jdk.internal.reflect.NativeConstructorAccessorImpl.newInstance(NativeConstructorAccessorImpl.java:77)
	at java.base/jdk.internal.reflect.DelegatingConstructorAccessorImpl.newInstance(DelegatingConstructorAccessorImpl.java:45)
	at java.base/java.lang.reflect.Constructor.newInstanceWithCaller(Constructor.java:499)
	at java.base/java.lang.reflect.Constructor.newInstance(Constructor.java:480)
	at org.openqa.selenium.remote.codec.w3c.W3CHttpResponseCodec.createException(W3CHttpResponseCodec.java:200)
	at org.openqa.selenium.remote.codec.w3c.W3CHttpResponseCodec.decode(W3CHttpResponseCodec.java:133)
	at org.openqa.selenium.remote.codec.w3c.W3CHttpResponseCodec.decode(W3CHttpResponseCodec.java:52)
	at org.openqa.selenium.remote.HttpCommandExecutor.execute(HttpCommandExecutor.java:191)
	at org.openqa.selenium.remote.service.DriverCommandExecutor.invokeExecute(DriverCommandExecutor.java:196)
	at org.openqa.selenium.remote.service.DriverCommandExecutor.execute(DriverCommandExecutor.java:171)
	at org.openqa.selenium.remote.RemoteWebDriver.execute(RemoteWebDriver.java:518)
	at org.openqa.selenium.remote.ElementLocation$ElementFinder$2.findElement(ElementLocation.java:165)
	at org.openqa.selenium.remote.ElementLocation.findElement(ElementLocation.java:59)
	at org.openqa.selenium.remote.RemoteWebDriver.findElement(RemoteWebDriver.java:355)
	at org.openqa.selenium.remote.RemoteWebDriver.findElement(RemoteWebDriver.java:349)
	at com.TutorialsNinja.qa.Testcases.Login.TestData1(Login.java:121)
	at java.base/jdk.internal.reflect.NativeMethodAccessorImpl.invoke0(Native Method)
	at java.base/jdk.internal.reflect.NativeMethodAccessorImpl.invoke(NativeMethodAccessorImpl.java:77)
	at java.base/jdk.internal.reflect.DelegatingMethodAccessorImpl.invoke(DelegatingMethodAccessorImpl.java:43)
	at java.base/java.lang.reflect.Method.invoke(Method.java:568)
	at org.testng.internal.invokers.MethodInvocationHelper.invokeMethod(MethodInvocationHelper.java:139)
	at org.testng.internal.invokers.TestInvoker.invokeMethod(TestInvoker.java:664)
	at org.testng.internal.invokers.TestInvoker.invokeTestMethod(TestInvoker.java:227)
	at org.testng.internal.invokers.MethodRunner.runInSequence(MethodRunner.java:50)
	at org.testng.internal.invokers.TestInvoker$MethodInvocationAgent.invoke(TestInvoker.java:957)
	at org.testng.internal.invokers.TestInvoker.invokeTestMethods(TestInvoker.java:200)
	at org.testng.internal.invokers.TestMethodWorker.invokeTestMethods(TestMethodWorker.java:148)
	at org.testng.internal.invokers.TestMethodWorker.run(TestMethodWorker.java:128)
	at java.base/java.util.ArrayList.forEach(ArrayList.java:1511)
	at org.testng.TestRunner.privateRun(TestRunner.java:848)
	at org.testng.TestRunner.run(TestRunner.java:621)
	at org.testng.SuiteRunner.runTest(SuiteRunner.java:443)
	at org.testng.SuiteRunner.runSequentially(SuiteRunner.java:437)
	at org.testng.SuiteRunner.privateRun(SuiteRunner.java:397)
	at org.testng.SuiteRunner.run(SuiteRunner.java:336)
	at org.testng.SuiteRunnerWorker.runSuite(SuiteRunnerWorker.java:52)
	at org.testng.SuiteRunnerWorker.run(SuiteRunnerWorker.java:95)
	at org.testng.TestNG.runSuitesSequentially(TestNG.java:1280)
	at org.testng.TestNG.runSuitesLocally(TestNG.java:1200)
	at org.testng.TestNG.runSuites(TestNG.java:1114)
	at org.testng.TestNG.run(TestNG.java:1082)
	at org.testng.remote.AbstractRemoteTestNG.run(AbstractRemoteTestNG.java:115)
	at org.testng.remote.RemoteTestNG.initAndRun(RemoteTestNG.java:251)
	at org.testng.remote.RemoteTestNG.main(RemoteTestNG.java:77)
</pre></div><a href='#' onClick='toggleBox("stack-trace310426339", this, "Click to show all stack frames", "Click to hide stack frames")'>Click to show all stack frames</a>
<div class='stack-trace' id='stack-trace310426339'><pre>org.openqa.selenium.NoSuchElementException: no such element: Unable to locate element: {&quot;method&quot;:&quot;link text&quot;,&quot;selector&quot;:&quot;Edit your account information&quot;}
  (Session info: chrome=115.0.5790.173)
For documentation on this error, please visit: https://www.selenium.dev/documentation/webdriver/troubleshooting/errors#no-such-element-exception
Build info: version: &apos;4.11.0&apos;, revision: &apos;040bc5406b&apos;
System info: os.name: &apos;Windows 10&apos;, os.arch: &apos;amd64&apos;, os.version: &apos;10.0&apos;, java.version: &apos;17.0.8&apos;
Driver info: org.openqa.selenium.chrome.ChromeDriver
Command: [19045d114f5e67132bb8e70ee75b3b11, findElement {using=link text, value=Edit your account information}]
Capabilities {acceptInsecureCerts: false, browserName: chrome, browserVersion: 115.0.5790.173, chrome: {chromedriverVersion: 115.0.5790.170 (cc0d30c2ca5..., userDataDir: C:\Users\shadi\AppData\Loca...}, goog:chromeOptions: {debuggerAddress: localhost:2789}, networkConnectionEnabled: false, pageLoadStrategy: normal, platformName: windows, proxy: Proxy(), se:cdp: ws://localhost:2789/devtool..., se:cdpVersion: 115.0.5790.173, setWindowRect: true, strictFileInteractability: false, timeouts: {implicit: 0, pageLoad: 300000, script: 30000}, unhandledPromptBehavior: dismiss and notify, webauthn:extension:credBlob: true, webauthn:extension:largeBlob: true, webauthn:extension:minPinLength: true, webauthn:extension:prf: true, webauthn:virtualAuthenticators: true}
Session ID: 19045d114f5e67132bb8e70ee75b3b11
	at java.base/jdk.internal.reflect.NativeConstructorAccessorImpl.newInstance0(Native Method)
	at java.base/jdk.internal.reflect.NativeConstructorAccessorImpl.newInstance(NativeConstructorAccessorImpl.java:77)
	at java.base/jdk.internal.reflect.DelegatingConstructorAccessorImpl.newInstance(DelegatingConstructorAccessorImpl.java:45)
	at java.base/java.lang.reflect.Constructor.newInstanceWithCaller(Constructor.java:499)
	at java.base/java.lang.reflect.Constructor.newInstance(Constructor.java:480)
	at org.openqa.selenium.remote.codec.w3c.W3CHttpResponseCodec.createException(W3CHttpResponseCodec.java:200)
	at org.openqa.selenium.remote.codec.w3c.W3CHttpResponseCodec.decode(W3CHttpResponseCodec.java:133)
	at org.openqa.selenium.remote.codec.w3c.W3CHttpResponseCodec.decode(W3CHttpResponseCodec.java:52)
	at org.openqa.selenium.remote.HttpCommandExecutor.execute(HttpCommandExecutor.java:191)
	at org.openqa.selenium.remote.service.DriverCommandExecutor.invokeExecute(DriverCommandExecutor.java:196)
	at org.openqa.selenium.remote.service.DriverCommandExecutor.execute(DriverCommandExecutor.java:171)
	at org.openqa.selenium.remote.RemoteWebDriver.execute(RemoteWebDriver.java:518)
	at org.openqa.selenium.remote.ElementLocation$ElementFinder$2.findElement(ElementLocation.java:165)
	at org.openqa.selenium.remote.ElementLocation.findElement(ElementLocation.java:59)
	at org.openqa.selenium.remote.RemoteWebDriver.findElement(RemoteWebDriver.java:355)
	at org.openqa.selenium.remote.RemoteWebDriver.findElement(RemoteWebDriver.java:349)
	at com.TutorialsNinja.qa.Testcases.Login.TestData1(Login.java:121)
	at java.base/jdk.internal.reflect.NativeMethodAccessorImpl.invoke0(Native Method)
	at java.base/jdk.internal.reflect.NativeMethodAccessorImpl.invoke(NativeMethodAccessorImpl.java:77)
	at java.base/jdk.internal.reflect.DelegatingMethodAccessorImpl.invoke(DelegatingMethodAccessorImpl.java:43)
	at java.base/java.lang.reflect.Method.invoke(Method.java:568)
	at org.testng.internal.invokers.MethodInvocationHelper.invokeMethod(MethodInvocationHelper.java:139)
	at org.testng.internal.invokers.TestInvoker.invokeMethod(TestInvoker.java:664)
	at org.testng.internal.invokers.TestInvoker.invokeTestMethod(TestInvoker.java:227)
	at org.testng.internal.invokers.MethodRunner.runInSequence(MethodRunner.java:50)
	at org.testng.internal.invokers.TestInvoker$MethodInvocationAgent.invoke(TestInvoker.java:957)
	at org.testng.internal.invokers.TestInvoker.invokeTestMethods(TestInvoker.java:200)
	at org.testng.internal.invokers.TestMethodWorker.invokeTestMethods(TestMethodWorker.java:148)
	at org.testng.internal.invokers.TestMethodWorker.run(TestMethodWorker.java:128)
	at java.base/java.util.ArrayList.forEach(ArrayList.java:1511)
	at org.testng.TestRunner.privateRun(TestRunner.java:848)
	at org.testng.TestRunner.run(TestRunner.java:621)
	at org.testng.SuiteRunner.runTest(SuiteRunner.java:443)
	at org.testng.SuiteRunner.runSequentially(SuiteRunner.java:437)
	at org.testng.SuiteRunner.privateRun(SuiteRunner.java:397)
	at org.testng.SuiteRunner.run(SuiteRunner.java:336)
	at org.testng.SuiteRunnerWorker.runSuite(SuiteRunnerWorker.java:52)
	at org.testng.SuiteRunnerWorker.run(SuiteRunnerWorker.java:95)
	at org.testng.TestNG.runSuitesSequentially(TestNG.java:1280)
	at org.testng.TestNG.runSuitesLocally(TestNG.java:1200)
	at org.testng.TestNG.runSuites(TestNG.java:1114)
	at org.testng.TestNG.run(TestNG.java:1082)
	at org.testng.remote.AbstractRemoteTestNG.run(AbstractRemoteTestNG.java:115)
	at org.testng.remote.RemoteTestNG.initAndRun(RemoteTestNG.java:251)
	at org.testng.remote.RemoteTestNG.main(RemoteTestNG.java:77)
</pre></div></td>
<td>1</td>
<td>com.TutorialsNinja.qa.Testcases.Login@74eb909f</td></tr>
<tr>
<td title='com.TutorialsNinja.qa.Testcases.Login.verifyLoginWithValidCredentials()'><b>verifyLoginWithValidCredentials</b><br>Test class: com.TutorialsNinja.qa.Testcases.Login</td>
<td><div><pre>org.testng.TestNGException: 
Method public void com.TutorialsNinja.qa.Testcases.Login.verifyLoginWithValidCredentials(java.lang.String,java.lang.String) requires a @DataProvider named : ValidCredentialsSupplier
	at org.testng.internal.Parameters.findDataProvider(Parameters.java:526)
	at org.testng.internal.Parameters.handleParameters(Parameters.java:763)
	at org.testng.internal.Parameters.handleParameters(Parameters.java:728)
	at org.testng.internal.invokers.ParameterHandler.handleParameters(ParameterHandler.java:72)
	at org.testng.internal.invokers.ParameterHandler.createParameters(ParameterHandler.java:51)
	at org.testng.internal.invokers.TestInvoker$MethodInvocationAgent.invoke(TestInvoker.java:911)
	at org.testng.internal.invokers.TestInvoker.invokeTestMethods(TestInvoker.java:200)
	at org.testng.internal.invokers.TestMethodWorker.invokeTestMethods(TestMethodWorker.java:148)
	at org.testng.internal.invokers.TestMethodWorker.run(TestMethodWorker.java:128)
	at java.base/java.util.ArrayList.forEach(ArrayList.java:1511)
	at org.testng.TestRunner.privateRun(TestRunner.java:848)
	at org.testng.TestRunner.run(TestRunner.java:621)
	at org.testng.SuiteRunner.runTest(SuiteRunner.java:443)
	at org.testng.SuiteRunner.runSequentially(SuiteRunner.java:437)
	at org.testng.SuiteRunner.privateRun(SuiteRunner.java:397)
	at org.testng.SuiteRunner.run(SuiteRunner.java:336)
	at org.testng.SuiteRunnerWorker.runSuite(SuiteRunnerWorker.java:52)
	at org.testng.SuiteRunnerWorker.run(SuiteRunnerWorker.java:95)
	at org.testng.TestNG.runSuitesSequentially(TestNG.java:1280)
	at org.testng.TestNG.runSuitesLocally(TestNG.java:1200)
	at org.testng.TestNG.runSuites(TestNG.java:1114)
	at org.testng.TestNG.run(TestNG.java:1082)
	at org.testng.remote.AbstractRemoteTestNG.run(AbstractRemoteTestNG.java:115)
	at org.testng.remote.RemoteTestNG.initAndRun(RemoteTestNG.java:251)
	at org.testng.remote.RemoteTestNG.main(RemoteTestNG.java:77)
</pre></div><a href='#' onClick='toggleBox("stack-trace1799545709", this, "Click to show all stack frames", "Click to hide stack frames")'>Click to show all stack frames</a>
<div class='stack-trace' id='stack-trace1799545709'><pre>org.testng.TestNGException: 
Method public void com.TutorialsNinja.qa.Testcases.Login.verifyLoginWithValidCredentials(java.lang.String,java.lang.String) requires a @DataProvider named : ValidCredentialsSupplier
	at org.testng.internal.Parameters.findDataProvider(Parameters.java:526)
	at org.testng.internal.Parameters.handleParameters(Parameters.java:763)
	at org.testng.internal.Parameters.handleParameters(Parameters.java:728)
	at org.testng.internal.invokers.ParameterHandler.handleParameters(ParameterHandler.java:72)
	at org.testng.internal.invokers.ParameterHandler.createParameters(ParameterHandler.java:51)
	at org.testng.internal.invokers.TestInvoker$MethodInvocationAgent.invoke(TestInvoker.java:911)
	at org.testng.internal.invokers.TestInvoker.invokeTestMethods(TestInvoker.java:200)
	at org.testng.internal.invokers.TestMethodWorker.invokeTestMethods(TestMethodWorker.java:148)
	at org.testng.internal.invokers.TestMethodWorker.run(TestMethodWorker.java:128)
	at java.base/java.util.ArrayList.forEach(ArrayList.java:1511)
	at org.testng.TestRunner.privateRun(TestRunner.java:848)
	at org.testng.TestRunner.run(TestRunner.java:621)
	at org.testng.SuiteRunner.runTest(SuiteRunner.java:443)
	at org.testng.SuiteRunner.runSequentially(SuiteRunner.java:437)
	at org.testng.SuiteRunner.privateRun(SuiteRunner.java:397)
	at org.testng.SuiteRunner.run(SuiteRunner.java:336)
	at org.testng.SuiteRunnerWorker.runSuite(SuiteRunnerWorker.java:52)
	at org.testng.SuiteRunnerWorker.run(SuiteRunnerWorker.java:95)
	at org.testng.TestNG.runSuitesSequentially(TestNG.java:1280)
	at org.testng.TestNG.runSuitesLocally(TestNG.java:1200)
	at org.testng.TestNG.runSuites(TestNG.java:1114)
	at org.testng.TestNG.run(TestNG.java:1082)
	at org.testng.remote.AbstractRemoteTestNG.run(AbstractRemoteTestNG.java:115)
	at org.testng.remote.RemoteTestNG.initAndRun(RemoteTestNG.java:251)
	at org.testng.remote.RemoteTestNG.main(RemoteTestNG.java:77)
</pre></div></td>
<td>0</td>
<td>com.TutorialsNinja.qa.Testcases.Login@74eb909f</td></tr>
</table><p>
<table width='100%' border='1' class='invocation-passed'>
<tr><td colspan='4' align='center'><b>PASSED TESTS</b></td></tr>
<tr><td><b>Test method</b></td>
<td><b>Attribute(s)</b></td>
<td width="30%"><b>Exception</b></td>
<td width="10%"><b>Time (seconds)</b></td>
<td><b>Instance</b></td>
</tr>
<tr>
<td title='com.TutorialsNinja.qa.Testcases.Login.verifyLoginWithInvalidCredentials()'><b>verifyLoginWithInvalidCredentials</b><br>Test class: com.TutorialsNinja.qa.Testcases.Login</td>
<td></td>
<td>0</td>
<td>com.TutorialsNinja.qa.Testcases.Login@74eb909f</td></tr>
<tr>
<td title='com.TutorialsNinja.qa.Testcases.Login.TestData1()'><b>TestData1</b><br>Test class: com.TutorialsNinja.qa.Testcases.Login<br>Parameters: Shadinmir887@gmail.com, 12345</td>
<td></td>
<td>1</td>
<td>com.TutorialsNinja.qa.Testcases.Login@74eb909f</td></tr>
<tr>
<td title='com.TutorialsNinja.qa.Testcases.Search.verifySearchWithValidProduct()'><b>verifySearchWithValidProduct</b><br>Test class: com.TutorialsNinja.qa.Testcases.Search</td>
<td></td>
<td>1</td>
<td>com.TutorialsNinja.qa.Testcases.Search@41d426b5</td></tr>
<tr>
<td title='com.TutorialsNinja.qa.Testcases.Login.TestData1()'><b>TestData1</b><br>Test class: com.TutorialsNinja.qa.Testcases.Login<br>Parameters: Shadinmir2@gmail.com, 12345</td>
<td></td>
<td>1</td>
<td>com.TutorialsNinja.qa.Testcases.Login@74eb909f</td></tr>
<tr>
<td title='com.TutorialsNinja.qa.Testcases.Login.TestData1()'><b>TestData1</b><br>Test class: com.TutorialsNinja.qa.Testcases.Login<br>Parameters: Mirjisan4@gmail.com, 12345</td>
<td></td>
<td>1</td>
<td>com.TutorialsNinja.qa.Testcases.Login@74eb909f</td></tr>
<tr>
<td title='com.TutorialsNinja.qa.Testcases.Register.verifyRegisteringAnAccountByInvalidPhoneNumberIntoThePhoneNumberField()'><b>verifyRegisteringAnAccountByInvalidPhoneNumberIntoThePhoneNumberField</b><br>Test class: com.TutorialsNinja.qa.Testcases.Register</td>
<td></td>
<td>1</td>
<td>com.TutorialsNinja.qa.Testcases.Register@6bbe2511</td></tr>
<tr>
<td title='com.TutorialsNinja.qa.Testcases.Login.verifyForgottenPasswordLinkisAvailableInLoginPage()'><b>verifyForgottenPasswordLinkisAvailableInLoginPage</b><br>Test class: com.TutorialsNinja.qa.Testcases.Login</td>
<td></td>
<td>0</td>
<td>com.TutorialsNinja.qa.Testcases.Login@74eb909f</td></tr>
<tr>
<td title='com.TutorialsNinja.qa.Testcases.Login.TestData1()'><b>TestData1</b><br>Test class: com.TutorialsNinja.qa.Testcases.Login<br>Parameters: pranto234@gmail.com, 12345</td>
<td></td>
<td>1</td>
<td>com.TutorialsNinja.qa.Testcases.Login@74eb909f</td></tr>
<tr>
<td title='com.TutorialsNinja.qa.Testcases.Register.verifyRegisteringAnAccountByProvidingTheExistingAccountDetails()'><b>verifyRegisteringAnAccountByProvidingTheExistingAccountDetails</b><br>Test class: com.TutorialsNinja.qa.Testcases.Register</td>
<td></td>
<td>1</td>
<td>com.TutorialsNinja.qa.Testcases.Register@6bbe2511</td></tr>
<tr>
<td title='com.TutorialsNinja.qa.Testcases.Search.verifySearchUsingPageUrl()'><b>verifySearchUsingPageUrl</b><br>Test class: com.TutorialsNinja.qa.Testcases.Search</td>
<td></td>
<td>1</td>
<td>com.TutorialsNinja.qa.Testcases.Search@41d426b5</td></tr>
<tr>
<td title='com.TutorialsNinja.qa.Testcases.Register.verifyRegisteringAnAccountWithMandatoryFields()'><b>verifyRegisteringAnAccountWithMandatoryFields</b><br>Test class: com.TutorialsNinja.qa.Testcases.Register</td>
<td></td>
<td>1</td>
<td>com.TutorialsNinja.qa.Testcases.Register@6bbe2511</td></tr>
<tr>
<td title='com.TutorialsNinja.qa.Testcases.Login.TestData1()'><b>TestData1</b><br>Test class: com.TutorialsNinja.qa.Testcases.Login<br>Parameters: Khalidiqbal@gmail.com, 12345</td>
<td></td>
<td>1</td>
<td>com.TutorialsNinja.qa.Testcases.Login@74eb909f</td></tr>
<tr>
<td title='com.TutorialsNinja.qa.Testcases.Register.verifyRegisteringAnAccountByEnteringDiffererentPasswordField()'><b>verifyRegisteringAnAccountByEnteringDiffererentPasswordField</b><br>Test class: com.TutorialsNinja.qa.Testcases.Register</td>
<td></td>
<td>1</td>
<td>com.TutorialsNinja.qa.Testcases.Register@6bbe2511</td></tr>
<tr>
<td title='com.TutorialsNinja.qa.Testcases.Register.verifyRegisteringWithoutAnyField()'><b>verifyRegisteringWithoutAnyField</b><br>Test class: com.TutorialsNinja.qa.Testcases.Register</td>
<td></td>
<td>2</td>
<td>com.TutorialsNinja.qa.Testcases.Register@6bbe2511</td></tr>
<tr>
<td title='com.TutorialsNinja.qa.Testcases.Login.TestData1()'><b>TestData1</b><br>Test class: com.TutorialsNinja.qa.Testcases.Login<br>Parameters: Shadinmir720@gmail.com, 12345</td>
<td></td>
<td>1</td>
<td>com.TutorialsNinja.qa.Testcases.Login@74eb909f</td></tr>
<tr>
<td title='com.TutorialsNinja.qa.Testcases.Register.VerifyRegistringAnAccountByFillingPasswordFieldAndNotFillingPasswordConfirmField()'><b>VerifyRegistringAnAccountByFillingPasswordFieldAndNotFillingPasswordConfirmField</b><br>Test class: com.TutorialsNinja.qa.Testcases.Register</td>
<td></td>
<td>1</td>
<td>com.TutorialsNinja.qa.Testcases.Register@6bbe2511</td></tr>
<tr>
<td title='com.TutorialsNinja.qa.Testcases.Login.verifyLoginWithInvalidEmailValidPassword()'><b>verifyLoginWithInvalidEmailValidPassword</b><br>Test class: com.TutorialsNinja.qa.Testcases.Login</td>
<td></td>
<td>0</td>
<td>com.TutorialsNinja.qa.Testcases.Login@74eb909f</td></tr>
<tr>
<td title='com.TutorialsNinja.qa.Testcases.Search.verifySearchWithUsingSearchCriteria()'><b>verifySearchWithUsingSearchCriteria</b><br>Test class: com.TutorialsNinja.qa.Testcases.Search</td>
<td></td>
<td>1</td>
<td>com.TutorialsNinja.qa.Testcases.Search@41d426b5</td></tr>
<tr>
<td title='com.TutorialsNinja.qa.Testcases.Search.verifySearchWithinvalidProduct()'><b>verifySearchWithinvalidProduct</b><br>Test class: com.TutorialsNinja.qa.Testcases.Search</td>
<td></td>
<td>1</td>
<td>com.TutorialsNinja.qa.Testcases.Search@41d426b5</td></tr>
<tr>
<td title='com.TutorialsNinja.qa.Testcases.Register.verifyRegisteringAnAccountByProvidingAllTheFieldsWhenYes()'><b>verifyRegisteringAnAccountByProvidingAllTheFieldsWhenYes</b><br>Test class: com.TutorialsNinja.qa.Testcases.Register</td>
<td></td>
<td>1</td>
<td>com.TutorialsNinja.qa.Testcases.Register@6bbe2511</td></tr>
<tr>
<td title='com.TutorialsNinja.qa.Testcases.Register.verifyRegisteringAnAccountByInvalidEmailAddressIntoTheEmailField()'><b>verifyRegisteringAnAccountByInvalidEmailAddressIntoTheEmailField</b><br>Test class: com.TutorialsNinja.qa.Testcases.Register</td>
<td></td>
<td>1</td>
<td>com.TutorialsNinja.qa.Testcases.Register@6bbe2511</td></tr>
<tr>
<td title='com.TutorialsNinja.qa.Testcases.Register.verifyWheterThePrivacyPolicyCheckboxOptionIsNotSelectedByDedault()'><b>verifyWheterThePrivacyPolicyCheckboxOptionIsNotSelectedByDedault</b><br>Test class: com.TutorialsNinja.qa.Testcases.Register</td>
<td></td>
<td>1</td>
<td>com.TutorialsNinja.qa.Testcases.Register@6bbe2511</td></tr>
<tr>
<td title='com.TutorialsNinja.qa.Testcases.Search.verifySearchBySelectingSubCategory()'><b>verifySearchBySelectingSubCategory</b><br>Test class: com.TutorialsNinja.qa.Testcases.Search</td>
<td></td>
<td>1</td>
<td>com.TutorialsNinja.qa.Testcases.Search@41d426b5</td></tr>
<tr>
<td title='com.TutorialsNinja.qa.Testcases.Register.verifyRegisteringAnAccountByProvidingAllTheFieldsWhenNo()'><b>verifyRegisteringAnAccountByProvidingAllTheFieldsWhenNo</b><br>Test class: com.TutorialsNinja.qa.Testcases.Register</td>
<td></td>
<td>2</td>
<td>com.TutorialsNinja.qa.Testcases.Register@6bbe2511</td></tr>
<tr>
<td title='com.TutorialsNinja.qa.Testcases.Login.verifyLoginWithValidEmailInvalidPassword()'><b>verifyLoginWithValidEmailInvalidPassword</b><br>Test class: com.TutorialsNinja.qa.Testcases.Login</td>
<td></td>
<td>0</td>
<td>com.TutorialsNinja.qa.Testcases.Login@74eb909f</td></tr>
<tr>
<td title='com.TutorialsNinja.qa.Testcases.Login.verifyLoginWithoutprovidinganycredentials()'><b>verifyLoginWithoutprovidinganycredentials</b><br>Test class: com.TutorialsNinja.qa.Testcases.Login</td>
<td></td>
<td>0</td>
<td>com.TutorialsNinja.qa.Testcases.Login@74eb909f</td></tr>
<tr>
<td title='com.TutorialsNinja.qa.Testcases.Search.verifySearchUsingTheTextFromTheProductDescription()'><b>verifySearchUsingTheTextFromTheProductDescription</b><br>Test class: com.TutorialsNinja.qa.Testcases.Search</td>
<td></td>
<td>2</td>
<td>com.TutorialsNinja.qa.Testcases.Search@41d426b5</td></tr>
<tr>
<td title='com.TutorialsNinja.qa.Testcases.Search.VerifySearchWithoutAnyProduct()'><b>VerifySearchWithoutAnyProduct</b><br>Test class: com.TutorialsNinja.qa.Testcases.Search</td>
<td></td>
<td>1</td>
<td>com.TutorialsNinja.qa.Testcases.Search@41d426b5</td></tr>
<tr>
<td title='com.TutorialsNinja.qa.Testcases.Login.TestData1()'><b>TestData1</b><br>Test class: com.TutorialsNinja.qa.Testcases.Login<br>Parameters: ullash456@gmail.com, 12345</td>
<td></td>
<td>1</td>
<td>com.TutorialsNinja.qa.Testcases.Login@74eb909f</td></tr>
</table><p>
</body>
</html>