<?xml version="1.0" encoding="UTF-8"?>
<!-- Generated by org.testng.reporters.JUnitXMLReporter -->
<testsuite ignored="0" hostname="DESKTOP-6HN7HBQ" failures="2" tests="31" name="Default test" time="197.377" errors="0" timestamp="2023-08-17T19:27:17 BDT">
  <testcase classname="com.TutorialsNinja.qa.Testcases.Search" name="verifySearchWithValidProduct" time="1.232"/>
  <testcase classname="com.TutorialsNinja.qa.Testcases.Search" name="verifySearchWithinvalidProduct" time="1.144"/>
  <testcase classname="com.TutorialsNinja.qa.Testcases.Search" name="VerifySearchWithoutAnyProduct" time="1.183"/>
  <testcase classname="com.TutorialsNinja.qa.Testcases.Search" name="verifySearchWithUsingSearchCriteria" time="1.894"/>
  <testcase classname="com.TutorialsNinja.qa.Testcases.Search" name="verifySearchUsingTheTextFromTheProductDescription" time="2.955"/>
  <testcase classname="com.TutorialsNinja.qa.Testcases.Search" name="verifySearchBySelectingSubCategory" time="1.217"/>
  <testcase classname="com.TutorialsNinja.qa.Testcases.Search" name="verifySearchUsingPageUrl" time="1.447"/>
  <testcase classname="com.TutorialsNinja.qa.Testcases.Login" name="verifyLoginWithValidCredentials" time="0.0">
    <failure type="org.testng.TestNGException" message="
Method public void com.TutorialsNinja.qa.Testcases.Login.verifyLoginWithValidCredentials(java.lang.String,java.lang.String) requires a @DataProvider named : ValidCredentialsSupplier">
      <![CDATA[org.testng.TestNGException: 
Method public void com.TutorialsNinja.qa.Testcases.Login.verifyLoginWithValidCredentials(java.lang.String,java.lang.String) requires a @DataProvider named : ValidCredentialsSupplier
at org.testng.internal.Parameters.findDataProvider(Parameters.java:526)
at org.testng.internal.Parameters.handleParameters(Parameters.java:763)
at org.testng.internal.Parameters.handleParameters(Parameters.java:728)
at org.testng.internal.invokers.ParameterHandler.handleParameters(ParameterHandler.java:72)
at org.testng.internal.invokers.ParameterHandler.createParameters(ParameterHandler.java:51)
at org.testng.internal.invokers.TestInvoker$MethodInvocationAgent.invoke(TestInvoker.java:911)
at org.testng.internal.invokers.TestInvoker.invokeTestMethods(TestInvoker.java:200)
at org.testng.internal.invokers.TestMethodWorker.invokeTestMethods(TestMethodWorker.java:148)
at org.testng.internal.invokers.TestMethodWorker.run(TestMethodWorker.java:128)
at java.base/java.util.ArrayList.forEach(ArrayList.java:1511)
at org.testng.TestRunner.privateRun(TestRunner.java:848)
at org.testng.TestRunner.run(TestRunner.java:621)
at org.testng.SuiteRunner.runTest(SuiteRunner.java:443)
at org.testng.SuiteRunner.runSequentially(SuiteRunner.java:437)
at org.testng.SuiteRunner.privateRun(SuiteRunner.java:397)
at org.testng.SuiteRunner.run(SuiteRunner.java:336)
at org.testng.SuiteRunnerWorker.runSuite(SuiteRunnerWorker.java:52)
at org.testng.SuiteRunnerWorker.run(SuiteRunnerWorker.java:95)
at org.testng.TestNG.runSuitesSequentially(TestNG.java:1280)
at org.testng.TestNG.runSuitesLocally(TestNG.java:1200)
at org.testng.TestNG.runSuites(TestNG.java:1114)
at org.testng.TestNG.run(TestNG.java:1082)
at org.testng.remote.AbstractRemoteTestNG.run(AbstractRemoteTestNG.java:115)
at org.testng.remote.RemoteTestNG.initAndRun(RemoteTestNG.java:251)
at org.testng.remote.RemoteTestNG.main(RemoteTestNG.java:77)
]]>
    </failure>
  </testcase> <!-- verifyLoginWithValidCredentials -->
  <testcase classname="com.TutorialsNinja.qa.Testcases.Login" name="verifyLoginWithInvalidCredentials" time="0.986"/>
  <testcase classname="com.TutorialsNinja.qa.Testcases.Login" name="verifyLoginWithInvalidEmailValidPassword" time="0.951"/>
  <testcase classname="com.TutorialsNinja.qa.Testcases.Login" name="verifyLoginWithValidEmailInvalidPassword" time="0.949"/>
  <testcase classname="com.TutorialsNinja.qa.Testcases.Login" name="verifyLoginWithoutprovidinganycredentials" time="0.857"/>
  <testcase classname="com.TutorialsNinja.qa.Testcases.Login" name="verifyForgottenPasswordLinkisAvailableInLoginPage" time="0.55"/>
  <testcase classname="com.TutorialsNinja.qa.Testcases.Login" name="TestData1" time="1.323"/>
  <testcase classname="com.TutorialsNinja.qa.Testcases.Login" name="TestData1" time="1.351"/>
  <testcase classname="com.TutorialsNinja.qa.Testcases.Login" name="TestData1" time="1.304"/>
  <testcase classname="com.TutorialsNinja.qa.Testcases.Login" name="TestData1" time="1.369"/>
  <testcase classname="com.TutorialsNinja.qa.Testcases.Login" name="TestData1" time="1.528">
    <failure type="org.openqa.selenium.NoSuchElementException" message="no such element: Unable to locate element: {&amp;quot;method&amp;quot;:&amp;quot;link text&amp;quot;,&amp;quot;selector&amp;quot;:&amp;quot;Edit your account information&amp;quot;}
  (Session info: chrome=115.0.5790.173)
For documentation on this error, please visit: https://www.selenium.dev/documentation/webdriver/troubleshooting/errors#no-such-element-exception
Build info: version: &amp;apos;4.11.0&amp;apos;, revision: &amp;apos;040bc5406b&amp;apos;
System info: os.name: &amp;apos;Windows 10&amp;apos;, os.arch: &amp;apos;amd64&amp;apos;, os.version: &amp;apos;10.0&amp;apos;, java.version: &amp;apos;17.0.8&amp;apos;
Driver info: org.openqa.selenium.chrome.ChromeDriver
Command: [19045d114f5e67132bb8e70ee75b3b11, findElement {using=link text, value=Edit your account information}]
Capabilities {acceptInsecureCerts: false, browserName: chrome, browserVersion: 115.0.5790.173, chrome: {chromedriverVersion: 115.0.5790.170 (cc0d30c2ca5..., userDataDir: C:\Users\shadi\AppData\Loca...}, goog:chromeOptions: {debuggerAddress: localhost:2789}, networkConnectionEnabled: false, pageLoadStrategy: normal, platformName: windows, proxy: Proxy(), se:cdp: ws://localhost:2789/devtool..., se:cdpVersion: 115.0.5790.173, setWindowRect: true, strictFileInteractability: false, timeouts: {implicit: 0, pageLoad: 300000, script: 30000}, unhandledPromptBehavior: dismiss and notify, webauthn:extension:credBlob: true, webauthn:extension:largeBlob: true, webauthn:extension:minPinLength: true, webauthn:extension:prf: true, webauthn:virtualAuthenticators: true}
Session ID: 19045d114f5e67132bb8e70ee75b3b11">
      <![CDATA[org.openqa.selenium.NoSuchElementException: no such element: Unable to locate element: {"method":"link text","selector":"Edit your account information"}
  (Session info: chrome=115.0.5790.173)
For documentation on this error, please visit: https://www.selenium.dev/documentation/webdriver/troubleshooting/errors#no-such-element-exception
Build info: version: '4.11.0', revision: '040bc5406b'
System info: os.name: 'Windows 10', os.arch: 'amd64', os.version: '10.0', java.version: '17.0.8'
Driver info: org.openqa.selenium.chrome.ChromeDriver
Command: [19045d114f5e67132bb8e70ee75b3b11, findElement {using=link text, value=Edit your account information}]
Capabilities {acceptInsecureCerts: false, browserName: chrome, browserVersion: 115.0.5790.173, chrome: {chromedriverVersion: 115.0.5790.170 (cc0d30c2ca5..., userDataDir: C:\Users\shadi\AppData\Loca...}, goog:chromeOptions: {debuggerAddress: localhost:2789}, networkConnectionEnabled: false, pageLoadStrategy: normal, platformName: windows, proxy: Proxy(), se:cdp: ws://localhost:2789/devtool..., se:cdpVersion: 115.0.5790.173, setWindowRect: true, strictFileInteractability: false, timeouts: {implicit: 0, pageLoad: 300000, script: 30000}, unhandledPromptBehavior: dismiss and notify, webauthn:extension:credBlob: true, webauthn:extension:largeBlob: true, webauthn:extension:minPinLength: true, webauthn:extension:prf: true, webauthn:virtualAuthenticators: true}
Session ID: 19045d114f5e67132bb8e70ee75b3b11
at java.base/jdk.internal.reflect.NativeConstructorAccessorImpl.newInstance0(Native Method)
at java.base/jdk.internal.reflect.NativeConstructorAccessorImpl.newInstance(NativeConstructorAccessorImpl.java:77)
at java.base/jdk.internal.reflect.DelegatingConstructorAccessorImpl.newInstance(DelegatingConstructorAccessorImpl.java:45)
at java.base/java.lang.reflect.Constructor.newInstanceWithCaller(Constructor.java:499)
at java.base/java.lang.reflect.Constructor.newInstance(Constructor.java:480)
at org.openqa.selenium.remote.codec.w3c.W3CHttpResponseCodec.createException(W3CHttpResponseCodec.java:200)
at org.openqa.selenium.remote.codec.w3c.W3CHttpResponseCodec.decode(W3CHttpResponseCodec.java:133)
at org.openqa.selenium.remote.codec.w3c.W3CHttpResponseCodec.decode(W3CHttpResponseCodec.java:52)
at org.openqa.selenium.remote.HttpCommandExecutor.execute(HttpCommandExecutor.java:191)
at org.openqa.selenium.remote.service.DriverCommandExecutor.invokeExecute(DriverCommandExecutor.java:196)
at org.openqa.selenium.remote.service.DriverCommandExecutor.execute(DriverCommandExecutor.java:171)
at org.openqa.selenium.remote.RemoteWebDriver.execute(RemoteWebDriver.java:518)
at org.openqa.selenium.remote.ElementLocation$ElementFinder$2.findElement(ElementLocation.java:165)
at org.openqa.selenium.remote.ElementLocation.findElement(ElementLocation.java:59)
at org.openqa.selenium.remote.RemoteWebDriver.findElement(RemoteWebDriver.java:355)
at org.openqa.selenium.remote.RemoteWebDriver.findElement(RemoteWebDriver.java:349)
at com.TutorialsNinja.qa.Testcases.Login.TestData1(Login.java:121)
at java.base/jdk.internal.reflect.NativeMethodAccessorImpl.invoke0(Native Method)
at java.base/jdk.internal.reflect.NativeMethodAccessorImpl.invoke(NativeMethodAccessorImpl.java:77)
at java.base/jdk.internal.reflect.DelegatingMethodAccessorImpl.invoke(DelegatingMethodAccessorImpl.java:43)
at java.base/java.lang.reflect.Method.invoke(Method.java:568)
at org.testng.internal.invokers.MethodInvocationHelper.invokeMethod(MethodInvocationHelper.java:139)
at org.testng.internal.invokers.TestInvoker.invokeMethod(TestInvoker.java:664)
at org.testng.internal.invokers.TestInvoker.invokeTestMethod(TestInvoker.java:227)
at org.testng.internal.invokers.MethodRunner.runInSequence(MethodRunner.java:50)
at org.testng.internal.invokers.TestInvoker$MethodInvocationAgent.invoke(TestInvoker.java:957)
at org.testng.internal.invokers.TestInvoker.invokeTestMethods(TestInvoker.java:200)
at org.testng.internal.invokers.TestMethodWorker.invokeTestMethods(TestMethodWorker.java:148)
at org.testng.internal.invokers.TestMethodWorker.run(TestMethodWorker.java:128)
at java.base/java.util.ArrayList.forEach(ArrayList.java:1511)
at org.testng.TestRunner.privateRun(TestRunner.java:848)
at org.testng.TestRunner.run(TestRunner.java:621)
at org.testng.SuiteRunner.runTest(SuiteRunner.java:443)
at org.testng.SuiteRunner.runSequentially(SuiteRunner.java:437)
at org.testng.SuiteRunner.privateRun(SuiteRunner.java:397)
at org.testng.SuiteRunner.run(SuiteRunner.java:336)
at org.testng.SuiteRunnerWorker.runSuite(SuiteRunnerWorker.java:52)
at org.testng.SuiteRunnerWorker.run(SuiteRunnerWorker.java:95)
at org.testng.TestNG.runSuitesSequentially(TestNG.java:1280)
at org.testng.TestNG.runSuitesLocally(TestNG.java:1200)
at org.testng.TestNG.runSuites(TestNG.java:1114)
at org.testng.TestNG.run(TestNG.java:1082)
at org.testng.remote.AbstractRemoteTestNG.run(AbstractRemoteTestNG.java:115)
at org.testng.remote.RemoteTestNG.initAndRun(RemoteTestNG.java:251)
at org.testng.remote.RemoteTestNG.main(RemoteTestNG.java:77)
]]>
    </failure>
  </testcase> <!-- TestData1 -->
  <testcase classname="com.TutorialsNinja.qa.Testcases.Login" name="TestData1" time="1.595"/>
  <testcase classname="com.TutorialsNinja.qa.Testcases.Login" name="TestData1" time="1.33"/>
  <testcase classname="com.TutorialsNinja.qa.Testcases.Login" name="TestData1" time="1.34"/>
  <testcase classname="com.TutorialsNinja.qa.Testcases.Register" name="verifyRegisteringAnAccountWithMandatoryFields" time="1.381"/>
  <testcase classname="com.TutorialsNinja.qa.Testcases.Register" name="verifyRegisteringAnAccountByProvidingAllTheFieldsWhenYes" time="1.54"/>
  <testcase classname="com.TutorialsNinja.qa.Testcases.Register" name="verifyRegisteringAnAccountByProvidingAllTheFieldsWhenNo" time="2.483"/>
  <testcase classname="com.TutorialsNinja.qa.Testcases.Register" name="verifyRegisteringAnAccountByEnteringDiffererentPasswordField" time="1.522"/>
  <testcase classname="com.TutorialsNinja.qa.Testcases.Register" name="verifyRegisteringAnAccountByProvidingTheExistingAccountDetails" time="1.357"/>
  <testcase classname="com.TutorialsNinja.qa.Testcases.Register" name="verifyRegisteringAnAccountByInvalidEmailAddressIntoTheEmailField" time="1.393"/>
  <testcase classname="com.TutorialsNinja.qa.Testcases.Register" name="verifyRegisteringAnAccountByInvalidPhoneNumberIntoThePhoneNumberField" time="1.395"/>
  <testcase classname="com.TutorialsNinja.qa.Testcases.Register" name="verifyWheterThePrivacyPolicyCheckboxOptionIsNotSelectedByDedault" time="1.277"/>
  <testcase classname="com.TutorialsNinja.qa.Testcases.Register" name="VerifyRegistringAnAccountByFillingPasswordFieldAndNotFillingPasswordConfirmField" time="1.185"/>
  <testcase classname="com.TutorialsNinja.qa.Testcases.Register" name="verifyRegisteringWithoutAnyField" time="2.081"/>
</testsuite> <!-- Default test -->
